#
# There is insufficient memory for the Java Runtime Environment to continue.
# Native memory allocation (mmap) failed to map 124256256 bytes for committing reserved memory.
# Possible reasons:
#   The system is out of physical RAM or swap space
#   The process is running with CompressedOops enabled, and the Java Heap may be blocking the growth of the native heap
# Possible solutions:
#   Reduce memory load on the system
#   Increase physical memory or swap space
#   Check if swap backing store is full
#   Decrease Java heap size (-Xmx/-Xms)
#   Decrease number of Java threads
#   Decrease Java thread stack sizes (-Xss)
#   Set larger code cache with -XX:ReservedCodeCacheSize=
#   JVM is running with Unscaled Compressed Oops mode in which the Java heap is
#     placed in the first 4GB address space. The Java Heap base address is the
#     maximum limit for the native heap growth. Please use -XX:HeapBaseMinAddress
#     to set the Java Heap base and to place the Java Heap above 4GB virtual address.
# This output file may be truncated or incomplete.
#
#  Out of Memory Error (os_linux.cpp:2757), pid=8478, tid=0x00007f60a6ebe700
#
# JRE version: OpenJDK Runtime Environment (8.0_222-b10) (build 1.8.0_222-8u222-b10-1ubuntu1~16.04.1-b10)
# Java VM: OpenJDK 64-Bit Server VM (25.222-b10 mixed mode linux-amd64 compressed oops)
# Failed to write core dump. Core dumps have been disabled. To enable core dumping, try "ulimit -c unlimited" before starting Java again
#

---------------  T H R E A D  ---------------

Current thread (0x00007f60c407a000):  VMThread [stack: 0x00007f60a6dbe000,0x00007f60a6ebf000] [id=8488]

Stack: [0x00007f60a6dbe000,0x00007f60a6ebf000],  sp=0x00007f60a6ebd4e0,  free space=1021k
Native frames: (J=compiled Java code, j=interpreted, Vv=VM code, C=native code)
V  [libjvm.so+0xa7787b]
V  [libjvm.so+0x4caa8c]
V  [libjvm.so+0x8c5da8]
V  [libjvm.so+0x8bd3ee]
V  [libjvm.so+0x93b476]
V  [libjvm.so+0x93c7a3]
V  [libjvm.so+0x938e84]
V  [libjvm.so+0x93911c]
V  [libjvm.so+0x8eaa73]
V  [libjvm.so+0xa79532]
V  [libjvm.so+0xa7e587]
V  [libjvm.so+0xa7bde7]
V  [libjvm.so+0xa7d0cf]
V  [libjvm.so+0xa7d5f2]
V  [libjvm.so+0x8c3102]

VM_Operation (0x00007f60742f4f20): ParallelGCFailedAllocation, mode: safepoint, requested by thread 0x00007f60c4c5f800


---------------  P R O C E S S  ---------------

Java Threads: ( => current thread )
  0x0000000001bd3000 JavaThread "RMI TCP Connection(idle)" daemon [_thread_blocked, id=13997, stack(0x00007f60a4a46000,0x00007f60a4b47000)]
  0x0000000001bd7800 JavaThread "RMI TCP Connection(idle)" daemon [_thread_blocked, id=10304, stack(0x00007f60a65b3000,0x00007f60a66b4000)]
  0x00007f607c238800 JavaThread "JMX server connection timeout 57" daemon [_thread_blocked, id=9874, stack(0x00007f60a67b5000,0x00007f60a68b6000)]
  0x00007f6078031000 JavaThread "cb-io-1-3" daemon [_thread_blocked, id=8567, stack(0x00007f6063afd000,0x00007f6063bfe000)]
  0x00007f60c4011000 JavaThread "DestroyJavaVM" [_thread_blocked, id=8480, stack(0x00007f60caccd000,0x00007f60cadce000)]
  0x00007f60c4dfa800 JavaThread "http-nio-8080-Acceptor" daemon [_thread_in_native, id=8551, stack(0x00007f6063dfe000,0x00007f6063eff000)]
  0x00007f60c4df8000 JavaThread "http-nio-8080-ClientPoller" daemon [_thread_blocked, id=8550, stack(0x00007f6063eff000,0x00007f6064000000)]
  0x00007f60c4df5800 JavaThread "http-nio-8080-exec-10" daemon [_thread_blocked, id=8549, stack(0x00007f60680bf000,0x00007f60681c0000)]
  0x00007f60c4df3800 JavaThread "http-nio-8080-exec-9" daemon [_thread_blocked, id=8548, stack(0x00007f60681c0000,0x00007f60682c1000)]
  0x00007f60c4df1800 JavaThread "http-nio-8080-exec-8" daemon [_thread_blocked, id=8547, stack(0x00007f60682c1000,0x00007f60683c2000)]
  0x00007f60c4def800 JavaThread "http-nio-8080-exec-7" daemon [_thread_blocked, id=8546, stack(0x00007f60683c2000,0x00007f60684c3000)]
  0x00007f60c4ded800 JavaThread "http-nio-8080-exec-6" daemon [_thread_blocked, id=8545, stack(0x00007f60684c3000,0x00007f60685c4000)]
  0x00007f60c4deb800 JavaThread "http-nio-8080-exec-5" daemon [_thread_blocked, id=8544, stack(0x00007f60685c4000,0x00007f60686c5000)]
  0x00007f60c4de9000 JavaThread "http-nio-8080-exec-4" daemon [_thread_blocked, id=8543, stack(0x00007f60686c5000,0x00007f60687c6000)]
  0x00007f60c4de7000 JavaThread "http-nio-8080-exec-3" daemon [_thread_blocked, id=8542, stack(0x00007f60687c6000,0x00007f60688c7000)]
  0x00007f60c4de5800 JavaThread "http-nio-8080-exec-2" daemon [_thread_blocked, id=8541, stack(0x00007f60688c7000,0x00007f60689c8000)]
  0x00007f60c4de4800 JavaThread "http-nio-8080-exec-1" daemon [_thread_blocked, id=8540, stack(0x00007f60689c8000,0x00007f6068ac9000)]
  0x00007f60c4de0000 JavaThread "http-nio-8080-BlockPoller" daemon [_thread_blocked, id=8539, stack(0x00007f6068ac9000,0x00007f6068bca000)]
  0x00007f6078030800 JavaThread "cb-io-1-2" daemon [_thread_blocked, id=8538, stack(0x00007f6069fcb000,0x00007f606a0cc000)]
  0x00007f607802f800 JavaThread "RxComputationScheduler-2" daemon [_thread_blocked, id=8537, stack(0x00007f606a0cc000,0x00007f606a1cd000)]
  0x00007f606c389800 JavaThread "cb-io-1-1" daemon [_thread_in_native, id=8534, stack(0x00007f606b7fa000,0x00007f606b8fb000)]
  0x00007f606c38b000 JavaThread "ObjectCleanerThread" daemon [_thread_blocked, id=8533, stack(0x00007f606b8fb000,0x00007f606b9fc000)]
  0x00007f606c340800 JavaThread "RxComputationScheduler-1" daemon [_thread_blocked, id=8532, stack(0x00007f606b9fc000,0x00007f606bafd000)]
  0x00007f606c35a800 JavaThread "RxIoScheduler-1 (Evictor)" daemon [_thread_blocked, id=8531, stack(0x00007f606bafd000,0x00007f606bbfe000)]
  0x00007f60c4c9e800 JavaThread "cb-core-3-2" daemon [_thread_blocked, id=8530, stack(0x00007f606bdfe000,0x00007f606beff000)]
  0x00007f60c4c92000 JavaThread "cb-core-3-1" daemon [_thread_blocked, id=8529, stack(0x00007f606beff000,0x00007f606c000000)]
  0x00007f60c4c78000 JavaThread "cb-computations-3" daemon [_thread_blocked, id=8528, stack(0x00007f60740f6000,0x00007f60741f7000)]
  0x00007f60c4c5f800 JavaThread "cb-computations-2" daemon [_thread_blocked, id=8527, stack(0x00007f60741f7000,0x00007f60742f8000)]
  0x00007f60c4c55800 JavaThread "SimplePauseDetectorThread_2" daemon [_thread_blocked, id=8526, stack(0x00007f60742f8000,0x00007f60743f9000)]
  0x00007f60c4c52000 JavaThread "SimplePauseDetectorThread_1" daemon [_thread_blocked, id=8525, stack(0x00007f60743f9000,0x00007f60744fa000)]
  0x00007f60c4c51000 JavaThread "SimplePauseDetectorThread_0" daemon [_thread_blocked, id=8524, stack(0x00007f60744fa000,0x00007f60745fb000)]
  0x00007f60c4c4f800 JavaThread "Thread-5" daemon [_thread_blocked, id=8523, stack(0x00007f60745fb000,0x00007f60746fc000)]
  0x00007f60c4c4a000 JavaThread "cb-computations-1" daemon [_thread_blocked, id=8522, stack(0x00007f60746fc000,0x00007f60747fd000)]
  0x00007f60c4bb1800 JavaThread "cb-orphan-1" daemon [_thread_blocked, id=8521, stack(0x00007f60747fd000,0x00007f60748fe000)]
  0x00007f60c4ba8800 JavaThread "cb-tracing-1" daemon [_thread_blocked, id=8520, stack(0x00007f60748fe000,0x00007f60749ff000)]
  0x00007f60c4b4d000 JavaThread "container-0" [_thread_blocked, id=8519, stack(0x00007f60a4042000,0x00007f60a4143000)]
  0x00007f60c4b4a800 JavaThread "Catalina-utility-2" [_thread_blocked, id=8518, stack(0x00007f60a4343000,0x00007f60a4444000)]
  0x00007f60c4b49800 JavaThread "Catalina-utility-1" [_thread_blocked, id=8517, stack(0x00007f60a5048000,0x00007f60a5149000)]
  0x00007f607c369800 JavaThread "JMX server connection timeout 19" daemon [_thread_blocked, id=8514, stack(0x00007f60a4844000,0x00007f60a4945000)]
  0x00007f607c363000 JavaThread "RMI Scheduler(0)" daemon [_thread_blocked, id=8513, stack(0x00007f60a4945000,0x00007f60a4a46000)]
  0x00007f6088001000 JavaThread "Attach Listener" daemon [_thread_blocked, id=8509, stack(0x00007f60a4d47000,0x00007f60a4e48000)]
  0x00007f60c44ec800 JavaThread "RMI TCP Accept-0" daemon [_thread_in_native, id=8506, stack(0x00007f60a5676000,0x00007f60a5777000)]
  0x00007f60c44b6000 JavaThread "RMI TCP Accept-39541" daemon [_thread_in_native, id=8505, stack(0x00007f60a5777000,0x00007f60a5878000)]
  0x00007f60c449b800 JavaThread "RMI TCP Accept-0" daemon [_thread_in_native, id=8504, stack(0x00007f60a5878000,0x00007f60a5979000)]
  0x00007f60c40d1800 JavaThread "Service Thread" daemon [_thread_blocked, id=8503, stack(0x00007f60a62b0000,0x00007f60a63b1000)]
  0x00007f60c40ce800 JavaThread "C1 CompilerThread1" daemon [_thread_blocked, id=8502, stack(0x00007f60a63b1000,0x00007f60a64b2000)]
  0x00007f60c40cb800 JavaThread "C2 CompilerThread0" daemon [_thread_blocked, id=8501, stack(0x00007f60a64b2000,0x00007f60a65b3000)]
  0x00007f60c40c9000 JavaThread "JDWP Event Helper Thread" daemon [_thread_blocked, id=8494, stack(0x00007f60a66b4000,0x00007f60a67b5000)]
  0x00007f60c40b8000 JavaThread "Signal Dispatcher" daemon [_thread_blocked, id=8491, stack(0x00007f60a6abb000,0x00007f60a6bbc000)]
  0x00007f60c4086800 JavaThread "Finalizer" daemon [_thread_blocked, id=8490, stack(0x00007f60a6bbc000,0x00007f60a6cbd000)]
  0x00007f60c4084000 JavaThread "Reference Handler" daemon [_thread_blocked, id=8489, stack(0x00007f60a6cbd000,0x00007f60a6dbe000)]

Other Threads:
=>0x00007f60c407a000 VMThread [stack: 0x00007f60a6dbe000,0x00007f60a6ebf000] [id=8488]
  0x00007f60c44ee000 WatcherThread [stack: 0x00007f60a5575000,0x00007f60a5676000] [id=8507]

VM state:at safepoint (normal execution)

VM Mutex/Monitor currently owned by a thread:  ([mutex/lock_event])
[0x00007f60c400d1e0] Threads_lock - owner thread: 0x00007f60c407a000
[0x00007f60c400d6e0] Heap_lock - owner thread: 0x00007f60c4c5f800

heap address: 0x0000000087600000, size: 1930 MB, Compressed Oops mode: 32-bit
Narrow klass base: 0x0000000000000000, Narrow klass shift: 3
Compressed class space size: 1073741824 Address: 0x0000000100000000

Heap:
 PSYoungGen      total 309248K, used 432K [0x00000000d7d00000, 0x00000000eba00000, 0x0000000100000000)
  eden space 293888K, 0% used [0x00000000d7d00000,0x00000000d7d00000,0x00000000e9c00000)
  from space 15360K, 2% used [0x00000000e9c00000,0x00000000e9c6c060,0x00000000eab00000)
  to   space 8704K, 0% used [0x00000000eb180000,0x00000000eb180000,0x00000000eba00000)
 ParOldGen       total 62976K, used 25130K [0x0000000087600000, 0x000000008b380000, 0x00000000d7d00000)
  object space 62976K, 39% used [0x0000000087600000,0x0000000088e8a850,0x000000008b380000)
 Metaspace       used 46803K, capacity 49478K, committed 49744K, reserved 1091584K
  class space    used 6199K, capacity 6695K, committed 6780K, reserved 1048576K

Card table byte_map: [0x00007f60ac5c2000,0x00007f60ac988000] byte_map_base: 0x00007f60ac187000

Marking Bits: (ParMarkBitMap*) 0x00007f60c9f9e540
 Begin Bits: [0x00007f60a85ed000, 0x00007f60aa415000)
 End Bits:   [0x00007f60aa415000, 0x00007f60ac23d000)

Polling page: 0x00007f60cadf1000

CodeCache: size=245760Kb used=10580Kb max_used=10580Kb free=235179Kb
 bounds [0x00007f60acd48000, 0x00007f60ad7a8000, 0x00007f60bbd48000]
 total_blobs=6114 nmethods=5590 adapters=446
 compilation: enabled

Compilation events (10 events):
Event: 6062,559 Thread 0x00007f60c40ce800 5706       1       sun.rmi.transport.ObjectEndpoint::hashCode (27 bytes)
Event: 6063,617 Thread 0x00007f60c40ce800 nmethod 5706 0x00007f60ad79c850 code [0x00007f60ad79c9c0, 0x00007f60ad79cb28]
Event: 6063,813 Thread 0x00007f60c40ce800 5707       1       java.rmi.server.ObjID::hashCode (6 bytes)
Event: 6067,860 Thread 0x00007f60c40ce800 nmethod 5707 0x00007f60ad79cc10 code [0x00007f60ad79cd60, 0x00007f60ad79ce70]
Event: 6068,853 Thread 0x00007f60c40ce800 5709       1       com.couchbase.client.deps.io.netty.util.concurrent.ScheduledFutureTask::<init> (13 bytes)
Event: 6069,220 Thread 0x00007f60c40ce800 nmethod 5709 0x00007f60ad79ced0 code [0x00007f60ad79d040, 0x00007f60ad79d2e8]
Event: 6069,234 Thread 0x00007f60c40ce800 5708       1       com.couchbase.client.deps.io.netty.util.concurrent.AbstractScheduledEventExecutor::schedule (47 bytes)
Event: 6069,706 Thread 0x00007f60c40ce800 nmethod 5708 0x00007f60ad79d5d0 code [0x00007f60ad79d7a0, 0x00007f60ad79dc68]
Event: 6099,232 Thread 0x00007f60c40ce800 5710       1       com.couchbase.client.deps.io.netty.util.concurrent.DefaultPromise::setSuccess (41 bytes)
Event: 6100,003 Thread 0x00007f60c40ce800 nmethod 5710 0x00007f60ad79e250 code [0x00007f60ad79e440, 0x00007f60ad79e938]

GC Heap History (10 events):
Event: 9,172 GC heap after
Heap after GC invocations=8 (full 1):
 PSYoungGen      total 131584K, used 8180K [0x00000000d7d00000, 0x00000000e5c80000, 0x0000000100000000)
  eden space 123392K, 0% used [0x00000000d7d00000,0x00000000d7d00000,0x00000000df580000)
  from space 8192K, 99% used [0x00000000df580000,0x00000000dfd7d2a0,0x00000000dfd80000)
  to   space 12800K, 0% used [0x00000000e5000000,0x00000000e5000000,0x00000000e5c80000)
 ParOldGen       total 44032K, used 13007K [0x0000000087600000, 0x000000008a100000, 0x00000000d7d00000)
  object space 44032K, 29% used [0x0000000087600000,0x00000000882b3e10,0x000000008a100000)
 Metaspace       used 33848K, capacity 35382K, committed 35580K, reserved 1079296K
  class space    used 4424K, capacity 4737K, committed 4860K, reserved 1048576K
}
Event: 9,238 GC heap before
{Heap before GC invocations=9 (full 1):
 PSYoungGen      total 131584K, used 15731K [0x00000000d7d00000, 0x00000000e5c80000, 0x0000000100000000)
  eden space 123392K, 6% used [0x00000000d7d00000,0x00000000d845fce0,0x00000000df580000)
  from space 8192K, 99% used [0x00000000df580000,0x00000000dfd7d2a0,0x00000000dfd80000)
  to   space 12800K, 0% used [0x00000000e5000000,0x00000000e5000000,0x00000000e5c80000)
 ParOldGen       total 44032K, used 13007K [0x0000000087600000, 0x000000008a100000, 0x00000000d7d00000)
  object space 44032K, 29% used [0x0000000087600000,0x00000000882b3e10,0x000000008a100000)
 Metaspace       used 34344K, capacity 35862K, committed 36048K, reserved 1081344K
  class space    used 4469K, capacity 4769K, committed 4860K, reserved 1048576K
Event: 9,259 GC heap after
Heap after GC invocations=9 (full 1):
 PSYoungGen      total 216064K, used 8888K [0x00000000d7d00000, 0x00000000e7880000, 0x0000000100000000)
  eden space 203264K, 0% used [0x00000000d7d00000,0x00000000d7d00000,0x00000000e4380000)
  from space 12800K, 69% used [0x00000000e5000000,0x00000000e58ae278,0x00000000e5c80000)
  to   space 12800K, 0% used [0x00000000e4380000,0x00000000e4380000,0x00000000e5000000)
 ParOldGen       total 44032K, used 13007K [0x0000000087600000, 0x000000008a100000, 0x00000000d7d00000)
  object space 44032K, 29% used [0x0000000087600000,0x00000000882b3e10,0x000000008a100000)
 Metaspace       used 34344K, capacity 35862K, committed 36048K, reserved 1081344K
  class space    used 4469K, capacity 4769K, committed 4860K, reserved 1048576K
}
Event: 9,259 GC heap before
{Heap before GC invocations=10 (full 2):
 PSYoungGen      total 216064K, used 8888K [0x00000000d7d00000, 0x00000000e7880000, 0x0000000100000000)
  eden space 203264K, 0% used [0x00000000d7d00000,0x00000000d7d00000,0x00000000e4380000)
  from space 12800K, 69% used [0x00000000e5000000,0x00000000e58ae278,0x00000000e5c80000)
  to   space 12800K, 0% used [0x00000000e4380000,0x00000000e4380000,0x00000000e5000000)
 ParOldGen       total 44032K, used 13007K [0x0000000087600000, 0x000000008a100000, 0x00000000d7d00000)
  object space 44032K, 29% used [0x0000000087600000,0x00000000882b3e10,0x000000008a100000)
 Metaspace       used 34344K, capacity 35862K, committed 36048K, reserved 1081344K
  class space    used 4469K, capacity 4769K, committed 4860K, reserved 1048576K
Event: 9,369 GC heap after
Heap after GC invocations=10 (full 2):
 PSYoungGen      total 216064K, used 0K [0x00000000d7d00000, 0x00000000e7880000, 0x0000000100000000)
  eden space 203264K, 0% used [0x00000000d7d00000,0x00000000d7d00000,0x00000000e4380000)
  from space 12800K, 0% used [0x00000000e5000000,0x00000000e5000000,0x00000000e5c80000)
  to   space 12800K, 0% used [0x00000000e4380000,0x00000000e4380000,0x00000000e5000000)
 ParOldGen       total 62976K, used 14364K [0x0000000087600000, 0x000000008b380000, 0x00000000d7d00000)
  object space 62976K, 22% used [0x0000000087600000,0x0000000088407138,0x000000008b380000)
 Metaspace       used 34344K, capacity 35862K, committed 36048K, reserved 1081344K
  class space    used 4469K, capacity 4769K, committed 4860K, reserved 1048576K
}
Event: 513,398 GC heap before
{Heap before GC invocations=11 (full 2):
 PSYoungGen      total 216064K, used 203264K [0x00000000d7d00000, 0x00000000e7880000, 0x0000000100000000)
  eden space 203264K, 100% used [0x00000000d7d00000,0x00000000e4380000,0x00000000e4380000)
  from space 12800K, 0% used [0x00000000e5000000,0x00000000e5000000,0x00000000e5c80000)
  to   space 12800K, 0% used [0x00000000e4380000,0x00000000e4380000,0x00000000e5000000)
 ParOldGen       total 62976K, used 14364K [0x0000000087600000, 0x000000008b380000, 0x00000000d7d00000)
  object space 62976K, 22% used [0x0000000087600000,0x0000000088407138,0x000000008b380000)
 Metaspace       used 45699K, capacity 48328K, committed 48592K, reserved 1091584K
  class space    used 6067K, capacity 6576K, committed 6652K, reserved 1048576K
Event: 513,437 GC heap after
Heap after GC invocations=11 (full 2):
 PSYoungGen      total 216064K, used 12775K [0x00000000d7d00000, 0x00000000ec100000, 0x0000000100000000)
  eden space 203264K, 0% used [0x00000000d7d00000,0x00000000d7d00000,0x00000000e4380000)
  from space 12800K, 99% used [0x00000000e4380000,0x00000000e4ff9d00,0x00000000e5000000)
  to   space 15872K, 0% used [0x00000000eb180000,0x00000000eb180000,0x00000000ec100000)
 ParOldGen       total 62976K, used 17869K [0x0000000087600000, 0x000000008b380000, 0x00000000d7d00000)
  object space 62976K, 28% used [0x0000000087600000,0x0000000088773650,0x000000008b380000)
 Metaspace       used 45699K, capacity 48328K, committed 48592K, reserved 1091584K
  class space    used 6067K, capacity 6576K, committed 6652K, reserved 1048576K
}
Event: 2560,898 GC heap before
{Heap before GC invocations=12 (full 2):
 PSYoungGen      total 216064K, used 216039K [0x00000000d7d00000, 0x00000000ec100000, 0x0000000100000000)
  eden space 203264K, 100% used [0x00000000d7d00000,0x00000000e4380000,0x00000000e4380000)
  from space 12800K, 99% used [0x00000000e4380000,0x00000000e4ff9d00,0x00000000e5000000)
  to   space 15872K, 0% used [0x00000000eb180000,0x00000000eb180000,0x00000000ec100000)
 ParOldGen       total 62976K, used 17869K [0x0000000087600000, 0x000000008b380000, 0x00000000d7d00000)
  object space 62976K, 28% used [0x0000000087600000,0x0000000088773650,0x000000008b380000)
 Metaspace       used 46658K, capacity 49350K, committed 49488K, reserved 1091584K
  class space    used 6180K, capacity 6695K, committed 6780K, reserved 1048576K
Event: 2560,928 GC heap after
Heap after GC invocations=12 (full 2):
 PSYoungGen      total 302592K, used 8164K [0x00000000d7d00000, 0x00000000eba00000, 0x0000000100000000)
  eden space 293888K, 0% used [0x00000000d7d00000,0x00000000d7d00000,0x00000000e9c00000)
  from space 8704K, 93% used [0x00000000eb180000,0x00000000eb9791d0,0x00000000eba00000)
  to   space 15360K, 0% used [0x00000000e9c00000,0x00000000e9c00000,0x00000000eab00000)
 ParOldGen       total 62976K, used 17877K [0x0000000087600000, 0x000000008b380000, 0x00000000d7d00000)
  object space 62976K, 28% used [0x0000000087600000,0x0000000088775650,0x000000008b380000)
 Metaspace       used 46658K, capacity 49350K, committed 49488K, reserved 1091584K
  class space    used 6180K, capacity 6695K, committed 6780K, reserved 1048576K
}
Event: 6106,495 GC heap before
{Heap before GC invocations=13 (full 2):
 PSYoungGen      total 302592K, used 302052K [0x00000000d7d00000, 0x00000000eba00000, 0x0000000100000000)
  eden space 293888K, 100% used [0x00000000d7d00000,0x00000000e9c00000,0x00000000e9c00000)
  from space 8704K, 93% used [0x00000000eb180000,0x00000000eb9791d0,0x00000000eba00000)
  to   space 15360K, 0% used [0x00000000e9c00000,0x00000000e9c00000,0x00000000eab00000)
 ParOldGen       total 62976K, used 17877K [0x0000000087600000, 0x000000008b380000, 0x00000000d7d00000)
  object space 62976K, 28% used [0x0000000087600000,0x0000000088775650,0x000000008b380000)
 Metaspace       used 46803K, capacity 49478K, committed 49744K, reserved 1091584K
  class space    used 6199K, capacity 6695K, committed 6780K, reserved 1048576K

Deoptimization events (0 events):
No events

Classes redefined (0 events):
No events

Internal exceptions (10 events):
Event: 1131,005 Thread 0x0000000001bd3000 Exception <a 'java/lang/ClassNotFoundException': org/springframework/context/support/LiveBeansView> (0x00000000dd1d53a8) thrown at [/build/openjdk-8-g3XteX/openjdk-8-8u222-b10/src/hotspot/src/share/vm/classfile/systemDictionary.cpp, line 210]
Event: 1131,014 Thread 0x0000000001bd3000 Exception <a 'java/lang/ClassNotFoundException': org/springframework/boot/actuate/endpoint/jmx/EndpointMBean> (0x00000000dd24ea60) thrown at [/build/openjdk-8-g3XteX/openjdk-8-8u222-b10/src/hotspot/src/share/vm/classfile/systemDictionary.cpp, line 210]
Event: 1131,014 Thread 0x0000000001bd3000 Exception <a 'java/lang/ClassNotFoundException': org/springframework/boot/actuate/endpoint/jmx/DataEndpointMBean> (0x00000000dd24efc0) thrown at [/build/openjdk-8-g3XteX/openjdk-8-8u222-b10/src/hotspot/src/share/vm/classfile/systemDictionary.cpp, line 210
Event: 1131,014 Thread 0x0000000001bd3000 Exception <a 'java/lang/ClassNotFoundException': org/springframework/context/support/LiveBeansView> (0x00000000dd24f508) thrown at [/build/openjdk-8-g3XteX/openjdk-8-8u222-b10/src/hotspot/src/share/vm/classfile/systemDictionary.cpp, line 210]
Event: 1131,014 Thread 0x0000000001bd3000 Exception <a 'java/lang/ClassNotFoundException': org/springframework/boot/actuate/endpoint/jmx/EndpointMBean> (0x00000000dd24f838) thrown at [/build/openjdk-8-g3XteX/openjdk-8-8u222-b10/src/hotspot/src/share/vm/classfile/systemDictionary.cpp, line 210]
Event: 1131,014 Thread 0x0000000001bd3000 Exception <a 'java/lang/ClassNotFoundException': org/springframework/boot/actuate/endpoint/jmx/DataEndpointMBean> (0x00000000dd24fd58) thrown at [/build/openjdk-8-g3XteX/openjdk-8-8u222-b10/src/hotspot/src/share/vm/classfile/systemDictionary.cpp, line 210
Event: 1131,014 Thread 0x0000000001bd3000 Exception <a 'java/lang/ClassNotFoundException': org/springframework/context/support/LiveBeansView> (0x00000000dd250260) thrown at [/build/openjdk-8-g3XteX/openjdk-8-8u222-b10/src/hotspot/src/share/vm/classfile/systemDictionary.cpp, line 210]
Event: 3608,317 Thread 0x00007f60c4c5f800 Exception <a 'java/io/IOException'> (0x00000000dd968d80) thrown at [/build/openjdk-8-g3XteX/openjdk-8-8u222-b10/src/hotspot/src/share/vm/prims/jni.cpp, line 710]
Event: 4554,920 Thread 0x00007f607802f800 Exception <a 'java/io/IOException'> (0x00000000d846dd80) thrown at [/build/openjdk-8-g3XteX/openjdk-8-8u222-b10/src/hotspot/src/share/vm/prims/jni.cpp, line 710]
Event: 5952,677 Thread 0x00007f607802f800 Exception <a 'java/io/IOException'> (0x00000000e919ea28) thrown at [/build/openjdk-8-g3XteX/openjdk-8-8u222-b10/src/hotspot/src/share/vm/prims/jni.cpp, line 710]

Events (10 events):
Event: 6040,648 Executing VM operation: RevokeBias done
Event: 6070,213 Executing VM operation: RevokeBias
Event: 6070,915 Executing VM operation: RevokeBias done
Event: 6071,015 Executing VM operation: RevokeBias
Event: 6071,200 Executing VM operation: RevokeBias done
Event: 6100,127 Executing VM operation: RevokeBias
Event: 6100,188 Executing VM operation: RevokeBias done
Event: 6100,188 Executing VM operation: RevokeBias
Event: 6100,189 Executing VM operation: RevokeBias done
Event: 6106,373 Executing VM operation: ParallelGCFailedAllocation


Dynamic libraries:
00400000-00401000 r-xp 00000000 08:02 9175117                            /usr/lib/jvm/java-8-openjdk-amd64/jre/bin/java
00600000-00601000 r--p 00000000 08:02 9175117                            /usr/lib/jvm/java-8-openjdk-amd64/jre/bin/java
00601000-00602000 rw-p 00001000 08:02 9175117                            /usr/lib/jvm/java-8-openjdk-amd64/jre/bin/java
01bbb000-01bdc000 rw-p 00000000 00:00 0                                  [heap]
87600000-8b380000 rw-p 00000000 00:00 0 
8b380000-d7d00000 ---p 00000000 00:00 0 
d7d00000-eba00000 rw-p 00000000 00:00 0 
f3080000-100000000 ---p 00000000 00:00 0 
100000000-10069f000 rw-p 00000000 00:00 0 
10069f000-140000000 ---p 00000000 00:00 0 
7f60628fc000-7f6062afc000 rw-p 00000000 00:00 0 
7f6062afc000-7f6063afd000 rw-p 00000000 00:00 0 
7f6063afd000-7f6063b00000 ---p 00000000 00:00 0 
7f6063b00000-7f6063dfe000 rw-p 00000000 00:00 0 
7f6063dfe000-7f6063e01000 ---p 00000000 00:00 0 
7f6063e01000-7f6063eff000 rw-p 00000000 00:00 0 
7f6063eff000-7f6063f02000 ---p 00000000 00:00 0 
7f6063f02000-7f6064000000 rw-p 00000000 00:00 0 
7f6064000000-7f6064021000 rw-p 00000000 00:00 0 
7f6064021000-7f6068000000 ---p 00000000 00:00 0 
7f60680bf000-7f60680c2000 ---p 00000000 00:00 0 
7f60680c2000-7f60681c0000 rw-p 00000000 00:00 0 
7f60681c0000-7f60681c3000 ---p 00000000 00:00 0 
7f60681c3000-7f60682c1000 rw-p 00000000 00:00 0 
7f60682c1000-7f60682c4000 ---p 00000000 00:00 0 
7f60682c4000-7f60683c2000 rw-p 00000000 00:00 0 
7f60683c2000-7f60683c5000 ---p 00000000 00:00 0 
7f60683c5000-7f60684c3000 rw-p 00000000 00:00 0 
7f60684c3000-7f60684c6000 ---p 00000000 00:00 0 
7f60684c6000-7f60685c4000 rw-p 00000000 00:00 0 
7f60685c4000-7f60685c7000 ---p 00000000 00:00 0 
7f60685c7000-7f60686c5000 rw-p 00000000 00:00 0 
7f60686c5000-7f60686c8000 ---p 00000000 00:00 0 
7f60686c8000-7f60687c6000 rw-p 00000000 00:00 0 
7f60687c6000-7f60687c9000 ---p 00000000 00:00 0 
7f60687c9000-7f60688c7000 rw-p 00000000 00:00 0 
7f60688c7000-7f60688ca000 ---p 00000000 00:00 0 
7f60688ca000-7f60689c8000 rw-p 00000000 00:00 0 
7f60689c8000-7f60689cb000 ---p 00000000 00:00 0 
7f60689cb000-7f6068ac9000 rw-p 00000000 00:00 0 
7f6068ac9000-7f6068acc000 ---p 00000000 00:00 0 
7f6068acc000-7f6068dca000 rw-p 00000000 00:00 0 
7f6068dca000-7f6068fca000 rw-p 00000000 00:00 0 
7f6068fca000-7f6069fcb000 rw-p 00000000 00:00 0 
7f6069fcb000-7f6069fce000 ---p 00000000 00:00 0 
7f6069fce000-7f606a0cc000 rw-p 00000000 00:00 0 
7f606a0cc000-7f606a0cf000 ---p 00000000 00:00 0 
7f606a0cf000-7f606a1cd000 rw-p 00000000 00:00 0 
7f606a1cd000-7f606a1f5000 r-xp 00000000 08:02 9175174                    /usr/lib/jvm/java-8-openjdk-amd64/jre/lib/amd64/libsunec.so
7f606a1f5000-7f606a3f4000 ---p 00028000 08:02 9175174                    /usr/lib/jvm/java-8-openjdk-amd64/jre/lib/amd64/libsunec.so
7f606a3f4000-7f606a3f8000 r--p 00027000 08:02 9175174                    /usr/lib/jvm/java-8-openjdk-amd64/jre/lib/amd64/libsunec.so
7f606a3f8000-7f606a3f9000 rw-p 0002b000 08:02 9175174                    /usr/lib/jvm/java-8-openjdk-amd64/jre/lib/amd64/libsunec.so
7f606a3f9000-7f606a5f9000 rw-p 00000000 00:00 0 
7f606a5f9000-7f606b7ef000 rw-p 00000000 00:00 0 
7f606b7ef000-7f606b7fa000 ---p 00000000 00:00 0 
7f606b7fa000-7f606b7fd000 ---p 00000000 00:00 0 
7f606b7fd000-7f606b8fb000 rw-p 00000000 00:00 0 
7f606b8fb000-7f606b8fe000 ---p 00000000 00:00 0 
7f606b8fe000-7f606b9fc000 rw-p 00000000 00:00 0 
7f606b9fc000-7f606b9ff000 ---p 00000000 00:00 0 
7f606b9ff000-7f606bafd000 rw-p 00000000 00:00 0 
7f606bafd000-7f606bb00000 ---p 00000000 00:00 0 
7f606bb00000-7f606bdfe000 rw-p 00000000 00:00 0 
7f606bdfe000-7f606be01000 ---p 00000000 00:00 0 
7f606be01000-7f606beff000 rw-p 00000000 00:00 0 
7f606beff000-7f606bf02000 ---p 00000000 00:00 0 
7f606bf02000-7f606c000000 rw-p 00000000 00:00 0 
7f606c000000-7f606c3ca000 rw-p 00000000 00:00 0 
7f606c3ca000-7f6070000000 ---p 00000000 00:00 0 
7f6070000000-7f6070056000 rw-p 00000000 00:00 0 
7f6070056000-7f6074000000 ---p 00000000 00:00 0 
7f60740f6000-7f60740f9000 ---p 00000000 00:00 0 
7f60740f9000-7f60741f7000 rw-p 00000000 00:00 0 
7f60741f7000-7f60741fa000 ---p 00000000 00:00 0 
7f60741fa000-7f60742f8000 rw-p 00000000 00:00 0 
7f60742f8000-7f60742fb000 ---p 00000000 00:00 0 
7f60742fb000-7f60743f9000 rw-p 00000000 00:00 0 
7f60743f9000-7f60743fc000 ---p 00000000 00:00 0 
7f60743fc000-7f60744fa000 rw-p 00000000 00:00 0 
7f60744fa000-7f60744fd000 ---p 00000000 00:00 0 
7f60744fd000-7f60745fb000 rw-p 00000000 00:00 0 
7f60745fb000-7f60745fe000 ---p 00000000 00:00 0 
7f60745fe000-7f60746fc000 rw-p 00000000 00:00 0 
7f60746fc000-7f60746ff000 ---p 00000000 00:00 0 
7f60746ff000-7f60747fd000 rw-p 00000000 00:00 0 
7f60747fd000-7f6074800000 ---p 00000000 00:00 0 
7f6074800000-7f60748fe000 rw-p 00000000 00:00 0 
7f60748fe000-7f6074901000 ---p 00000000 00:00 0 
7f6074901000-7f6074bff000 rw-p 00000000 00:00 0 
7f6074bff000-7f6074dff000 rw-p 00000000 00:00 0 
7f6074dff000-7f6074fff000 rw-p 00000000 00:00 0 
7f6074fff000-7f6078000000 rw-p 00000000 00:00 0 
7f6078000000-7f6078056000 rw-p 00000000 00:00 0 
7f6078056000-7f607c000000 ---p 00000000 00:00 0 
7f607c000000-7f607c6b2000 rw-p 00000000 00:00 0 
7f607c6b2000-7f6080000000 ---p 00000000 00:00 0 
7f6080000000-7f6080048000 rw-p 00000000 00:00 0 
7f6080048000-7f6084000000 ---p 00000000 00:00 0 
7f6084000000-7f6084021000 rw-p 00000000 00:00 0 
7f6084021000-7f6088000000 ---p 00000000 00:00 0 
7f6088000000-7f60881b6000 rw-p 00000000 00:00 0 
7f60881b6000-7f608c000000 ---p 00000000 00:00 0 
7f608c000000-7f608c021000 rw-p 00000000 00:00 0 
7f608c021000-7f6090000000 ---p 00000000 00:00 0 
7f6090000000-7f6090025000 rw-p 00000000 00:00 0 
7f6090025000-7f6094000000 ---p 00000000 00:00 0 
7f6094000000-7f6094021000 rw-p 00000000 00:00 0 
7f6094021000-7f6098000000 ---p 00000000 00:00 0 
7f6098000000-7f6098058000 rw-p 00000000 00:00 0 
7f6098058000-7f609c000000 ---p 00000000 00:00 0 
7f609c000000-7f609c0db000 rw-p 00000000 00:00 0 
7f609c0db000-7f60a0000000 ---p 00000000 00:00 0 
7f60a0000000-7f60a0068000 rw-p 00000000 00:00 0 
7f60a0068000-7f60a4000000 ---p 00000000 00:00 0 
7f60a402d000-7f60a4040000 r--s 00346000 08:02 9175204                    /usr/lib/jvm/java-8-openjdk-amd64/jre/lib/resources.jar
7f60a4040000-7f60a4042000 r--s 00016000 08:02 9175149                    /usr/lib/jvm/java-8-openjdk-amd64/jre/lib/jce.jar
7f60a4042000-7f60a4045000 ---p 00000000 00:00 0 
7f60a4045000-7f60a4343000 rw-p 00000000 00:00 0 
7f60a4343000-7f60a4346000 ---p 00000000 00:00 0 
7f60a4346000-7f60a4644000 rw-p 00000000 00:00 0 
7f60a4644000-7f60a4844000 rw-p 00000000 00:00 0 
7f60a4844000-7f60a4847000 ---p 00000000 00:00 0 
7f60a4847000-7f60a4945000 rw-p 00000000 00:00 0 
7f60a4945000-7f60a4948000 ---p 00000000 00:00 0 
7f60a4948000-7f60a4a46000 rw-p 00000000 00:00 0 
7f60a4a46000-7f60a4a49000 ---p 00000000 00:00 0 
7f60a4a49000-7f60a4d47000 rw-p 00000000 00:00 0 
7f60a4d47000-7f60a4d4a000 ---p 00000000 00:00 0 
7f60a4d4a000-7f60a5048000 rw-p 00000000 00:00 0 
7f60a5048000-7f60a504b000 ---p 00000000 00:00 0 
7f60a504b000-7f60a5349000 rw-p 00000000 00:00 0 
7f60a5349000-7f60a5549000 rw-p 00000000 00:00 0 
7f60a5549000-7f60a5550000 r--s 00000000 08:02 9046674                    /usr/lib/x86_64-linux-gnu/gconv/gconv-modules.cache
7f60a5550000-7f60a5575000 r--p 00000000 08:02 10620662                   /usr/share/locale-langpack/es/LC_MESSAGES/libc.mo
7f60a5575000-7f60a5576000 ---p 00000000 00:00 0 
7f60a5576000-7f60a5676000 rw-p 00000000 00:00 0 
7f60a5676000-7f60a5679000 ---p 00000000 00:00 0 
7f60a5679000-7f60a5777000 rw-p 00000000 00:00 0 
7f60a5777000-7f60a577a000 ---p 00000000 00:00 0 
7f60a577a000-7f60a5878000 rw-p 00000000 00:00 0 
7f60a5878000-7f60a587b000 ---p 00000000 00:00 0 
7f60a587b000-7f60a5979000 rw-p 00000000 00:00 0 
7f60a5979000-7f60a597e000 r--s 000a3000 08:02 9175203                    /usr/lib/jvm/java-8-openjdk-amd64/jre/lib/jsse.jar
7f60a597e000-7f60a5984000 r--s 00023000 08:02 1839190                    /home/jordivanyo/.m2/repository/javax/persistence/javax.persistence-api/2.2/javax.persistence-api-2.2.jar
7f60a5984000-7f60a598f000 r--s 00069000 08:02 26616702                   /home/jordivanyo/.m2/repository/ch/qos/logback/logback-core/1.2.3/logback-core-1.2.3.jar
7f60a598f000-7f60a5995000 r--s 00041000 08:02 26482857                   /home/jordivanyo/.m2/repository/ch/qos/logback/logback-classic/1.2.3/logback-classic-1.2.3.jar
7f60a5995000-7f60a599d000 r--s 00073000 08:02 22548500                   /home/jordivanyo/.m2/repository/org/apache/commons/commons-lang3/3.8.1/commons-lang3-3.8.1.jar
7f60a599d000-7f60a599f000 r--s 00004000 08:02 2361549                    /home/jordivanyo/.m2/repository/org/mapstruct/mapstruct/1.2.0.Final/mapstruct-1.2.0.Final.jar
7f60a599f000-7f60a59a1000 r--s 00000000 08:02 2361547                    /home/jordivanyo/.m2/repository/org/springframework/plugin/spring-plugin-metadata/1.2.0.RELEASE/spring-plugin-metadata-1.2.0.RELEASE.jar
7f60a59a1000-7f60a59a2000 r--s 00004000 08:02 23601726                   /home/jordivanyo/.m2/repository/org/springframework/plugin/spring-plugin-core/1.2.0.RELEASE/spring-plugin-core-1.2.0.RELEASE.jar
7f60a59a2000-7f60a59a4000 r--s 00009000 08:02 2106520                    /home/jordivanyo/.m2/repository/org/slf4j/slf4j-api/1.7.26/slf4j-api-1.7.26.jar
7f60a59a4000-7f60a59a6000 r--s 0000f000 08:02 28191122                   /home/jordivanyo/.m2/repository/com/fasterxml/classmate/1.4.0/classmate-1.4.0.jar
7f60a59a6000-7f60a59d5000 r--s 00226000 08:02 2361545                    /home/jordivanyo/.m2/repository/com/google/guava/guava/20.0/guava-20.0.jar
7f60a59d5000-7f60a59da000 r--s 0002b000 08:02 2361543                    /home/jordivanyo/.m2/repository/io/springfox/springfox-spring-web/2.9.2/springfox-spring-web-2.9.2.jar
7f60a59da000-7f60a59de000 r--s 00017000 08:02 2361541                    /home/jordivanyo/.m2/repository/io/springfox/springfox-swagger-common/2.9.2/springfox-swagger-common-2.9.2.jar
7f60a59de000-7f60a59e1000 r--s 00012000 08:02 2361539                    /home/jordivanyo/.m2/repository/io/springfox/springfox-schema/2.9.2/springfox-schema-2.9.2.jar
7f60a59e1000-7f60a59e5000 r--s 00019000 08:02 2361537                    /home/jordivanyo/.m2/repository/io/springfox/springfox-core/2.9.2/springfox-core-2.9.2.jar
7f60a59e5000-7f60a59e8000 r--s 0000b000 08:02 2361535                    /home/jordivanyo/.m2/repository/io/springfox/springfox-spi/2.9.2/springfox-spi-2.9.2.jar
7f60a59e8000-7f60a59eb000 r--s 0000e000 08:02 26746109                   /home/jordivanyo/.m2/repository/com/fasterxml/jackson/core/jackson-annotations/2.9.0/jackson-annotations-2.9.0.jar
7f60a59eb000-7f60a59ef000 r--s 00022000 08:02 2106628                    /home/jordivanyo/.m2/repository/io/swagger/swagger-models/1.5.20/swagger-models-1.5.20.jar
7f60a59ef000-7f60a59f1000 r--s 00004000 08:02 1446759                    /home/jordivanyo/.m2/repository/io/swagger/swagger-annotations/1.5.20/swagger-annotations-1.5.20.jar
7f60a59f1000-7f60a59f4000 r--s 0000e000 08:02 1059223                    /home/jordivanyo/.m2/repository/io/springfox/springfox-swagger2/2.9.2/springfox-swagger2-2.9.2.jar
7f60a59f4000-7f60a59f6000 r--s 00002000 08:02 22020194                   /home/jordivanyo/.m2/repository/io/opentracing/opentracing-api/0.31.0/opentracing-api-0.31.0.jar
7f60a59f6000-7f60a5a0f000 r--s 00102000 08:02 22548470                   /home/jordivanyo/.m2/repository/io/reactivex/rxjava/1.3.8/rxjava-1.3.8.jar
7f60a5a0f000-7f60a5a7a000 r--s 004e1000 08:02 22025154                   /home/jordivanyo/.m2/repository/com/couchbase/client/core-io/1.7.7/core-io-1.7.7.jar
7f60a5a7a000-7f60a5a96000 r--s 00103000 08:02 22025152                   /home/jordivanyo/.m2/repository/com/couchbase/client/java-client/2.7.7/java-client-2.7.7.jar
7f60a5a96000-7f60a5aae000 r--s 00107000 08:02 275691                     /home/jordivanyo/.m2/repository/org/springframework/data/spring-data-commons/2.1.9.RELEASE/spring-data-commons-2.1.9.RELEASE.jar
7f60a5aae000-7f60a5ab6000 r--s 00037000 08:02 28450528                   /home/jordivanyo/.m2/repository/org/springframework/spring-tx/5.1.8.RELEASE/spring-tx-5.1.8.RELEASE.jar
7f60a5ab6000-7f60a5abf000 r--s 0004f000 08:02 25700389                   /home/jordivanyo/.m2/repository/org/springframework/data/spring-data-couchbase/3.1.9.RELEASE/spring-data-couchbase-3.1.9.RELEASE.jar
7f60a5abf000-7f60a5ac0000 r--s 00000000 08:02 665078                     /home/jordivanyo/.m2/repository/org/springframework/boot/spring-boot-starter-data-couchbase/2.1.6.RELEASE/spring-boot-starter-data-couchbase-2.1.6.RELEASE.jar
7f60a5ac0000-7f60a5ac1000 r--s 00005000 08:02 27799297                   /home/jordivanyo/.m2/repository/org/springframework/spring-jcl/5.1.8.RELEASE/spring-jcl-5.1.8.RELEASE.jar
7f60a5ac1000-7f60a5ada000 r--s 00123000 08:02 27799295                   /home/jordivanyo/.m2/repository/org/springframework/spring-core/5.1.8.RELEASE/spring-core-5.1.8.RELEASE.jar
7f60a5ada000-7f60a5b21000 r--s 002dd000 08:02 22155154                   /home/jordivanyo/.m2/repository/net/bytebuddy/byte-buddy/1.9.13/byte-buddy-1.9.13.jar
7f60a5b21000-7f60a5b26000 r--s 0003c000 08:02 28059836                   /home/jordivanyo/.m2/repository/org/apache/tomcat/embed/tomcat-embed-websocket/9.0.21/tomcat-embed-websocket-9.0.21.jar
7f60a5b26000-7f60a5b2b000 r--s 00039000 08:02 28059834                   /home/jordivanyo/.m2/repository/org/apache/tomcat/embed/tomcat-embed-el/9.0.21/tomcat-embed-el-9.0.21.jar
7f60a5b2b000-7f60a5b56000 r--s 00306000 08:02 28059832                   /home/jordivanyo/.m2/repository/org/apache/tomcat/embed/tomcat-embed-core/9.0.21/tomcat-embed-core-9.0.21.jar
7f60a5b56000-7f60a5b58000 r--s 00005000 08:02 1839179                    /home/jordivanyo/.m2/repository/javax/annotation/javax.annotation-api/1.3.2/javax.annotation-api-1.3.2.jar
7f60a5b58000-7f60a5b6f000 r--s 00190000 08:02 665087                     /home/jordivanyo/.m2/repository/org/projectlombok/lombok/1.18.8/lombok-1.18.8.jar
7f60a5b6f000-7f60a5b74000 r--s 00040000 08:02 27799292                   /home/jordivanyo/.m2/repository/org/springframework/spring-expression/5.1.8.RELEASE/spring-expression-5.1.8.RELEASE.jar
7f60a5b74000-7f60a5b8e000 r--s 000f4000 08:02 27799290                   /home/jordivanyo/.m2/repository/org/springframework/spring-context/5.1.8.RELEASE/spring-context-5.1.8.RELEASE.jar
7f60a5b8e000-7f60a5b98000 r--s 00051000 08:02 27799288                   /home/jordivanyo/.m2/repository/org/springframework/spring-aop/5.1.8.RELEASE/spring-aop-5.1.8.RELEASE.jar
7f60a5b98000-7f60a5ba7000 r--s 000b5000 08:02 28191124                   /home/jordivanyo/.m2/repository/org/springframework/spring-webmvc/5.1.8.RELEASE/spring-webmvc-5.1.8.RELEASE.jar
7f60a5ba7000-7f60a5bb3000 r--s 00099000 08:02 27799286                   /home/jordivanyo/.m2/repository/org/springframework/spring-beans/5.1.8.RELEASE/spring-beans-5.1.8.RELEASE.jar
7f60a5bb3000-7f60a5bcf000 r--s 00137000 08:02 27925866                   /home/jordivanyo/.m2/repository/org/springframework/spring-web/5.1.8.RELEASE/spring-web-5.1.8.RELEASE.jar
7f60a5bcf000-7f60a5bd1000 r--s 0000f000 08:02 27925773                   /home/jordivanyo/.m2/repository/org/jboss/logging/jboss-logging/3.3.2.Final/jboss-logging-3.3.2.Final.jar
7f60a5bd1000-7f60a5bd6000 r--s 00012000 08:02 1839181                    /home/jordivanyo/.m2/repository/javax/validation/validation-api/2.0.1.Final/validation-api-2.0.1.Final.jar
7f60a5bd6000-7f60a5bf3000 r--s 000fe000 08:02 28191120                   /home/jordivanyo/.m2/repository/org/hibernate/validator/hibernate-validator/6.0.17.Final/hibernate-validator-6.0.17.Final.jar
7f60a5bf3000-7f60a5bf5000 r--s 00001000 08:02 28059828                   /home/jordivanyo/.m2/repository/com/fasterxml/jackson/module/jackson-module-parameter-names/2.9.9/jackson-module-parameter-names-2.9.9.jar
7f60a5bf5000-7f60a5bf8000 r--s 00016000 08:02 28059826                   /home/jordivanyo/.m2/repository/com/fasterxml/jackson/datatype/jackson-datatype-jsr310/2.9.9/jackson-datatype-jsr310-2.9.9.jar
7f60a5bf8000-7f60a5bfa000 r--s 00007000 08:02 28059824                   /home/jordivanyo/.m2/repository/com/fasterxml/jackson/datatype/jackson-datatype-jdk8/2.9.9/jackson-datatype-jdk8-2.9.9.jar
7f60a5bfa000-7f60a5c0d000 r--s 00137000 08:02 27925862                   /home/jordivanyo/.m2/repository/com/fasterxml/jackson/core/jackson-databind/2.9.9/jackson-databind-2.9.9.jar
7f60a5c0d000-7f60a5c31000 r--s 00110000 08:02 27799284                   /home/jordivanyo/.m2/repository/org/springframework/boot/spring-boot-autoconfigure/2.1.6.RELEASE/spring-boot-autoconfigure-2.1.6.RELEASE.jar
7f60a5c31000-7f60a5c46000 r--s 000d4000 08:02 27799282                   /home/jordivanyo/.m2/repository/org/springframework/boot/spring-boot/2.1.6.RELEASE/spring-boot-2.1.6.RELEASE.jar
7f60a5c46000-7f60a5c61000 r--s 00394000 08:02 9317952                    /usr/lib/jvm/java-8-openjdk-amd64/jre/lib/ext/cldrdata.jar
7f60a5c61000-7f60a5c7c000 r--s 001d6000 08:02 9317949                    /usr/lib/jvm/java-8-openjdk-amd64/jre/lib/ext/nashorn.jar
7f60a5c7c000-7f60a5c8d000 r-xp 00000000 08:02 9175187                    /usr/lib/jvm/java-8-openjdk-amd64/jre/lib/amd64/libnio.so
7f60a5c8d000-7f60a5e8c000 ---p 00011000 08:02 9175187                    /usr/lib/jvm/java-8-openjdk-amd64/jre/lib/amd64/libnio.so
7f60a5e8c000-7f60a5e8d000 r--p 00010000 08:02 9175187                    /usr/lib/jvm/java-8-openjdk-amd64/jre/lib/amd64/libnio.so
7f60a5e8d000-7f60a5e8e000 rw-p 00011000 08:02 9175187                    /usr/lib/jvm/java-8-openjdk-amd64/jre/lib/amd64/libnio.so
7f60a5e8e000-7f60a5ea4000 r-xp 00000000 08:02 9175170                    /usr/lib/jvm/java-8-openjdk-amd64/jre/lib/amd64/libnet.so
7f60a5ea4000-7f60a60a4000 ---p 00016000 08:02 9175170                    /usr/lib/jvm/java-8-openjdk-amd64/jre/lib/amd64/libnet.so
7f60a60a4000-7f60a60a5000 r--p 00016000 08:02 9175170                    /usr/lib/jvm/java-8-openjdk-amd64/jre/lib/amd64/libnet.so
7f60a60a5000-7f60a60a6000 rw-p 00017000 08:02 9175170                    /usr/lib/jvm/java-8-openjdk-amd64/jre/lib/amd64/libnet.so
7f60a60a6000-7f60a60af000 r-xp 00000000 08:02 9175165                    /usr/lib/jvm/java-8-openjdk-amd64/jre/lib/amd64/libmanagement.so
7f60a60af000-7f60a62ae000 ---p 00009000 08:02 9175165                    /usr/lib/jvm/java-8-openjdk-amd64/jre/lib/amd64/libmanagement.so
7f60a62ae000-7f60a62af000 r--p 00008000 08:02 9175165                    /usr/lib/jvm/java-8-openjdk-amd64/jre/lib/amd64/libmanagement.so
7f60a62af000-7f60a62b0000 rw-p 00009000 08:02 9175165                    /usr/lib/jvm/java-8-openjdk-amd64/jre/lib/amd64/libmanagement.so
7f60a62b0000-7f60a62b3000 ---p 00000000 00:00 0 
7f60a62b3000-7f60a63b1000 rw-p 00000000 00:00 0 
7f60a63b1000-7f60a63b4000 ---p 00000000 00:00 0 
7f60a63b4000-7f60a64b2000 rw-p 00000000 00:00 0 
7f60a64b2000-7f60a64b5000 ---p 00000000 00:00 0 
7f60a64b5000-7f60a65b3000 rw-p 00000000 00:00 0 
7f60a65b3000-7f60a65b6000 ---p 00000000 00:00 0 
7f60a65b6000-7f60a66b4000 rw-p 00000000 00:00 0 
7f60a66b4000-7f60a66b7000 ---p 00000000 00:00 0 
7f60a66b7000-7f60a67b5000 rw-p 00000000 00:00 0 
7f60a67b5000-7f60a67b8000 ---p 00000000 00:00 0 
7f60a67b8000-7f60a68b6000 rw-p 00000000 00:00 0 
7f60a68b6000-7f60a68ba000 r-xp 00000000 08:02 9175188                    /usr/lib/jvm/java-8-openjdk-amd64/jre/lib/amd64/libdt_socket.so
7f60a68ba000-7f60a6ab9000 ---p 00004000 08:02 9175188                    /usr/lib/jvm/java-8-openjdk-amd64/jre/lib/amd64/libdt_socket.so
7f60a6ab9000-7f60a6aba000 r--p 00003000 08:02 9175188                    /usr/lib/jvm/java-8-openjdk-amd64/jre/lib/amd64/libdt_socket.so
7f60a6aba000-7f60a6abb000 rw-p 00004000 08:02 9175188                    /usr/lib/jvm/java-8-openjdk-amd64/jre/lib/amd64/libdt_socket.so
7f60a6abb000-7f60a6abe000 ---p 00000000 00:00 0 
7f60a6abe000-7f60a6bbc000 rw-p 00000000 00:00 0 
7f60a6bbc000-7f60a6bbf000 ---p 00000000 00:00 0 
7f60a6bbf000-7f60a6cbd000 rw-p 00000000 00:00 0 
7f60a6cbd000-7f60a6cc0000 ---p 00000000 00:00 0 
7f60a6cc0000-7f60a6dbe000 rw-p 00000000 00:00 0 
7f60a6dbe000-7f60a6dbf000 ---p 00000000 00:00 0 
7f60a6dbf000-7f60a7858000 rw-p 00000000 00:00 0 
7f60a7858000-7f60a7a28000 r--s 03c5c000 08:02 9175147                    /usr/lib/jvm/java-8-openjdk-amd64/jre/lib/rt.jar
7f60a7a28000-7f60ac23d000 rw-p 00000000 00:00 0 
7f60ac23d000-7f60ac23e000 ---p 00000000 00:00 0 
7f60ac23e000-7f60ac35d000 rw-p 00000000 00:00 0 
7f60ac35d000-7f60ac5c2000 ---p 00000000 00:00 0 
7f60ac5c2000-7f60ac5e1000 rw-p 00000000 00:00 0 
7f60ac5e1000-7f60ac845000 ---p 00000000 00:00 0 
7f60ac845000-7f60ac8e4000 rw-p 00000000 00:00 0 
7f60ac8e4000-7f60ac987000 ---p 00000000 00:00 0 
7f60ac987000-7f60ac9b2000 rw-p 00000000 00:00 0 
7f60ac9b2000-7f60acd48000 ---p 00000000 00:00 0 
7f60acd48000-7f60ad7a8000 rwxp 00000000 00:00 0 
7f60ad7a8000-7f60bbd48000 ---p 00000000 00:00 0 
7f60bbd48000-7f60bbd50000 r-xp 00000000 08:02 9175184                    /usr/lib/jvm/java-8-openjdk-amd64/jre/lib/amd64/libzip.so
7f60bbd50000-7f60bbf4f000 ---p 00008000 08:02 9175184                    /usr/lib/jvm/java-8-openjdk-amd64/jre/lib/amd64/libzip.so
7f60bbf4f000-7f60bbf50000 r--p 00007000 08:02 9175184                    /usr/lib/jvm/java-8-openjdk-amd64/jre/lib/amd64/libzip.so
7f60bbf50000-7f60bbf51000 rw-p 00008000 08:02 9175184                    /usr/lib/jvm/java-8-openjdk-amd64/jre/lib/amd64/libzip.so
7f60bbf51000-7f60bbf5c000 r-xp 00000000 08:02 3936930                    /lib/x86_64-linux-gnu/libnss_files-2.23.so
7f60bbf5c000-7f60bc15b000 ---p 0000b000 08:02 3936930                    /lib/x86_64-linux-gnu/libnss_files-2.23.so
7f60bc15b000-7f60bc15c000 r--p 0000a000 08:02 3936930                    /lib/x86_64-linux-gnu/libnss_files-2.23.so
7f60bc15c000-7f60bc15d000 rw-p 0000b000 08:02 3936930                    /lib/x86_64-linux-gnu/libnss_files-2.23.so
7f60bc15d000-7f60bc163000 rw-p 00000000 00:00 0 
7f60bc163000-7f60bc16e000 r-xp 00000000 08:02 3936940                    /lib/x86_64-linux-gnu/libnss_nis-2.23.so
7f60bc16e000-7f60bc36d000 ---p 0000b000 08:02 3936940                    /lib/x86_64-linux-gnu/libnss_nis-2.23.so
7f60bc36d000-7f60bc36e000 r--p 0000a000 08:02 3936940                    /lib/x86_64-linux-gnu/libnss_nis-2.23.so
7f60bc36e000-7f60bc36f000 rw-p 0000b000 08:02 3936940                    /lib/x86_64-linux-gnu/libnss_nis-2.23.so
7f60bc36f000-7f60bc385000 r-xp 00000000 08:02 3936924                    /lib/x86_64-linux-gnu/libnsl-2.23.so
7f60bc385000-7f60bc584000 ---p 00016000 08:02 3936924                    /lib/x86_64-linux-gnu/libnsl-2.23.so
7f60bc584000-7f60bc585000 r--p 00015000 08:02 3936924                    /lib/x86_64-linux-gnu/libnsl-2.23.so
7f60bc585000-7f60bc586000 rw-p 00016000 08:02 3936924                    /lib/x86_64-linux-gnu/libnsl-2.23.so
7f60bc586000-7f60bc588000 rw-p 00000000 00:00 0 
7f60bc588000-7f60bc590000 r-xp 00000000 08:02 3936926                    /lib/x86_64-linux-gnu/libnss_compat-2.23.so
7f60bc590000-7f60bc78f000 ---p 00008000 08:02 3936926                    /lib/x86_64-linux-gnu/libnss_compat-2.23.so
7f60bc78f000-7f60bc790000 r--p 00007000 08:02 3936926                    /lib/x86_64-linux-gnu/libnss_compat-2.23.so
7f60bc790000-7f60bc791000 rw-p 00008000 08:02 3936926                    /lib/x86_64-linux-gnu/libnss_compat-2.23.so
7f60bc791000-7f60c3bc0000 r--p 00000000 08:02 8789159                    /usr/lib/locale/locale-archive
7f60c3bc0000-7f60c3bc2000 r-xp 00000000 08:02 9175200                    /usr/lib/jvm/java-8-openjdk-amd64/jre/lib/amd64/libnpt.so
7f60c3bc2000-7f60c3dc2000 ---p 00002000 08:02 9175200                    /usr/lib/jvm/java-8-openjdk-amd64/jre/lib/amd64/libnpt.so
7f60c3dc2000-7f60c3dc3000 r--p 00002000 08:02 9175200                    /usr/lib/jvm/java-8-openjdk-amd64/jre/lib/amd64/libnpt.so
7f60c3dc3000-7f60c3dc4000 rw-p 00003000 08:02 9175200                    /usr/lib/jvm/java-8-openjdk-amd64/jre/lib/amd64/libnpt.so
7f60c3dc4000-7f60c3dfe000 r-xp 00000000 08:02 9175171                    /usr/lib/jvm/java-8-openjdk-amd64/jre/lib/amd64/libjdwp.so
7f60c3dfe000-7f60c3ffe000 ---p 0003a000 08:02 9175171                    /usr/lib/jvm/java-8-openjdk-amd64/jre/lib/amd64/libjdwp.so
7f60c3ffe000-7f60c3fff000 r--p 0003a000 08:02 9175171                    /usr/lib/jvm/java-8-openjdk-amd64/jre/lib/amd64/libjdwp.so
7f60c3fff000-7f60c4000000 rw-p 0003b000 08:02 9175171                    /usr/lib/jvm/java-8-openjdk-amd64/jre/lib/amd64/libjdwp.so
7f60c4000000-7f60c4e25000 rw-p 00000000 00:00 0 
7f60c4e25000-7f60c8000000 ---p 00000000 00:00 0 
7f60c8000000-7f60c8001000 r--s 00000000 08:02 28059830                   /home/jordivanyo/.m2/repository/org/springframework/boot/spring-boot-starter-tomcat/2.1.6.RELEASE/spring-boot-starter-tomcat-2.1.6.RELEASE.jar
7f60c8001000-7f60c8005000 r--s 0004c000 08:02 27925864                   /home/jordivanyo/.m2/repository/com/fasterxml/jackson/core/jackson-core/2.9.9/jackson-core-2.9.9.jar
7f60c8005000-7f60c8006000 r--s 00000000 08:02 27925860                   /home/jordivanyo/.m2/repository/org/springframework/boot/spring-boot-starter-json/2.1.6.RELEASE/spring-boot-starter-json-2.1.6.RELEASE.jar
7f60c8006000-7f60c800d000 r--s 00043000 08:02 25962474                   /home/jordivanyo/.m2/repository/org/yaml/snakeyaml/1.23/snakeyaml-1.23.jar
7f60c800d000-7f60c800f000 r--s 00000000 08:02 2106518                    /home/jordivanyo/.m2/repository/org/slf4j/jul-to-slf4j/1.7.26/jul-to-slf4j-1.7.26.jar
7f60c800f000-7f60c8085000 rw-p 00000000 00:00 0 
7f60c8085000-7f60c8086000 ---p 00000000 00:00 0 
7f60c8086000-7f60c8186000 rw-p 00000000 00:00 0 
7f60c8186000-7f60c81af000 r-xp 00000000 08:02 9175169                    /usr/lib/jvm/java-8-openjdk-amd64/jre/lib/amd64/libjava.so
7f60c81af000-7f60c83ae000 ---p 00029000 08:02 9175169                    /usr/lib/jvm/java-8-openjdk-amd64/jre/lib/amd64/libjava.so
7f60c83ae000-7f60c83af000 r--p 00028000 08:02 9175169                    /usr/lib/jvm/java-8-openjdk-amd64/jre/lib/amd64/libjava.so
7f60c83af000-7f60c83b1000 rw-p 00029000 08:02 9175169                    /usr/lib/jvm/java-8-openjdk-amd64/jre/lib/amd64/libjava.so
7f60c83b1000-7f60c83c0000 r-xp 00000000 08:02 9175186                    /usr/lib/jvm/java-8-openjdk-amd64/jre/lib/amd64/libverify.so
7f60c83c0000-7f60c85bf000 ---p 0000f000 08:02 9175186                    /usr/lib/jvm/java-8-openjdk-amd64/jre/lib/amd64/libverify.so
7f60c85bf000-7f60c85c1000 r--p 0000e000 08:02 9175186                    /usr/lib/jvm/java-8-openjdk-amd64/jre/lib/amd64/libverify.so
7f60c85c1000-7f60c85c2000 rw-p 00010000 08:02 9175186                    /usr/lib/jvm/java-8-openjdk-amd64/jre/lib/amd64/libverify.so
7f60c85c2000-7f60c85c9000 r-xp 00000000 08:02 3936985                    /lib/x86_64-linux-gnu/librt-2.23.so
7f60c85c9000-7f60c87c8000 ---p 00007000 08:02 3936985                    /lib/x86_64-linux-gnu/librt-2.23.so
7f60c87c8000-7f60c87c9000 r--p 00006000 08:02 3936985                    /lib/x86_64-linux-gnu/librt-2.23.so
7f60c87c9000-7f60c87ca000 rw-p 00007000 08:02 3936985                    /lib/x86_64-linux-gnu/librt-2.23.so
7f60c87ca000-7f60c87e0000 r-xp 00000000 08:02 3936869                    /lib/x86_64-linux-gnu/libgcc_s.so.1
7f60c87e0000-7f60c89df000 ---p 00016000 08:02 3936869                    /lib/x86_64-linux-gnu/libgcc_s.so.1
7f60c89df000-7f60c89e0000 rw-p 00015000 08:02 3936869                    /lib/x86_64-linux-gnu/libgcc_s.so.1
7f60c89e0000-7f60c8ae8000 r-xp 00000000 08:02 3936901                    /lib/x86_64-linux-gnu/libm-2.23.so
7f60c8ae8000-7f60c8ce7000 ---p 00108000 08:02 3936901                    /lib/x86_64-linux-gnu/libm-2.23.so
7f60c8ce7000-7f60c8ce8000 r--p 00107000 08:02 3936901                    /lib/x86_64-linux-gnu/libm-2.23.so
7f60c8ce8000-7f60c8ce9000 rw-p 00108000 08:02 3936901                    /lib/x86_64-linux-gnu/libm-2.23.so
7f60c8ce9000-7f60c8e5b000 r-xp 00000000 08:02 8791017                    /usr/lib/x86_64-linux-gnu/libstdc++.so.6.0.21
7f60c8e5b000-7f60c905b000 ---p 00172000 08:02 8791017                    /usr/lib/x86_64-linux-gnu/libstdc++.so.6.0.21
7f60c905b000-7f60c9065000 r--p 00172000 08:02 8791017                    /usr/lib/x86_64-linux-gnu/libstdc++.so.6.0.21
7f60c9065000-7f60c9067000 rw-p 0017c000 08:02 8791017                    /usr/lib/x86_64-linux-gnu/libstdc++.so.6.0.21
7f60c9067000-7f60c906b000 rw-p 00000000 00:00 0 
7f60c906b000-7f60c9ccf000 r-xp 00000000 08:02 9175196                    /usr/lib/jvm/java-8-openjdk-amd64/jre/lib/amd64/server/libjvm.so
7f60c9ccf000-7f60c9ece000 ---p 00c64000 08:02 9175196                    /usr/lib/jvm/java-8-openjdk-amd64/jre/lib/amd64/server/libjvm.so
7f60c9ece000-7f60c9f62000 r--p 00c63000 08:02 9175196                    /usr/lib/jvm/java-8-openjdk-amd64/jre/lib/amd64/server/libjvm.so
7f60c9f62000-7f60c9f8b000 rw-p 00cf7000 08:02 9175196                    /usr/lib/jvm/java-8-openjdk-amd64/jre/lib/amd64/server/libjvm.so
7f60c9f8b000-7f60c9fbb000 rw-p 00000000 00:00 0 
7f60c9fbb000-7f60c9fd3000 r-xp 00000000 08:02 3936977                    /lib/x86_64-linux-gnu/libpthread-2.23.so
7f60c9fd3000-7f60ca1d2000 ---p 00018000 08:02 3936977                    /lib/x86_64-linux-gnu/libpthread-2.23.so
7f60ca1d2000-7f60ca1d3000 r--p 00017000 08:02 3936977                    /lib/x86_64-linux-gnu/libpthread-2.23.so
7f60ca1d3000-7f60ca1d4000 rw-p 00018000 08:02 3936977                    /lib/x86_64-linux-gnu/libpthread-2.23.so
7f60ca1d4000-7f60ca1d8000 rw-p 00000000 00:00 0 
7f60ca1d8000-7f60ca1db000 r-xp 00000000 08:02 3936855                    /lib/x86_64-linux-gnu/libdl-2.23.so
7f60ca1db000-7f60ca3da000 ---p 00003000 08:02 3936855                    /lib/x86_64-linux-gnu/libdl-2.23.so
7f60ca3da000-7f60ca3db000 r--p 00002000 08:02 3936855                    /lib/x86_64-linux-gnu/libdl-2.23.so
7f60ca3db000-7f60ca3dc000 rw-p 00003000 08:02 3936855                    /lib/x86_64-linux-gnu/libdl-2.23.so
7f60ca3dc000-7f60ca3f5000 r-xp 00000000 08:02 3937022                    /lib/x86_64-linux-gnu/libz.so.1.2.8
7f60ca3f5000-7f60ca5f4000 ---p 00019000 08:02 3937022                    /lib/x86_64-linux-gnu/libz.so.1.2.8
7f60ca5f4000-7f60ca5f5000 r--p 00018000 08:02 3937022                    /lib/x86_64-linux-gnu/libz.so.1.2.8
7f60ca5f5000-7f60ca5f6000 rw-p 00019000 08:02 3937022                    /lib/x86_64-linux-gnu/libz.so.1.2.8
7f60ca5f6000-7f60ca7b6000 r-xp 00000000 08:02 3936831                    /lib/x86_64-linux-gnu/libc-2.23.so
7f60ca7b6000-7f60ca9b6000 ---p 001c0000 08:02 3936831                    /lib/x86_64-linux-gnu/libc-2.23.so
7f60ca9b6000-7f60ca9ba000 r--p 001c0000 08:02 3936831                    /lib/x86_64-linux-gnu/libc-2.23.so
7f60ca9ba000-7f60ca9bc000 rw-p 001c4000 08:02 3936831                    /lib/x86_64-linux-gnu/libc-2.23.so
7f60ca9bc000-7f60ca9c0000 rw-p 00000000 00:00 0 
7f60ca9c0000-7f60ca9cd000 r-xp 00000000 08:02 9175178                    /usr/lib/jvm/java-8-openjdk-amd64/jre/lib/amd64/jli/libjli.so
7f60ca9cd000-7f60cabcc000 ---p 0000d000 08:02 9175178                    /usr/lib/jvm/java-8-openjdk-amd64/jre/lib/amd64/jli/libjli.so
7f60cabcc000-7f60cabcd000 r--p 0000c000 08:02 9175178                    /usr/lib/jvm/java-8-openjdk-amd64/jre/lib/amd64/jli/libjli.so
7f60cabcd000-7f60cabce000 rw-p 0000d000 08:02 9175178                    /usr/lib/jvm/java-8-openjdk-amd64/jre/lib/amd64/jli/libjli.so
7f60cabce000-7f60cabf4000 r-xp 00000000 08:02 3936803                    /lib/x86_64-linux-gnu/ld-2.23.so
7f60cabf4000-7f60cabfa000 r--s 0003c000 08:02 27925858                   /home/jordivanyo/.m2/repository/org/apache/logging/log4j/log4j-api/2.11.2/log4j-api-2.11.2.jar
7f60cabfa000-7f60cabfc000 r--s 00003000 08:02 27925856                   /home/jordivanyo/.m2/repository/org/apache/logging/log4j/log4j-to-slf4j/2.11.2/log4j-to-slf4j-2.11.2.jar
7f60cabfc000-7f60cabfd000 r--s 00000000 08:02 27925854                   /home/jordivanyo/.m2/repository/org/springframework/boot/spring-boot-starter-logging/2.1.6.RELEASE/spring-boot-starter-logging-2.1.6.RELEASE.jar
7f60cabfd000-7f60cabfe000 r--s 00000000 08:02 27799280                   /home/jordivanyo/.m2/repository/org/springframework/boot/spring-boot-starter/2.1.6.RELEASE/spring-boot-starter-2.1.6.RELEASE.jar
7f60cabfe000-7f60cac03000 r--s 0003c000 08:02 9317954                    /usr/lib/jvm/java-8-openjdk-amd64/jre/lib/ext/sunjce_provider.jar
7f60cac03000-7f60caccd000 rw-p 00000000 00:00 0 
7f60caccd000-7f60cacd0000 ---p 00000000 00:00 0 
7f60cacd0000-7f60cadd2000 rw-p 00000000 00:00 0 
7f60cadd2000-7f60cadd3000 r--s 00000000 08:02 27667249                   /home/jordivanyo/.m2/repository/org/springframework/boot/spring-boot-starter-web/2.1.6.RELEASE/spring-boot-starter-web-2.1.6.RELEASE.jar
7f60cadd3000-7f60cadd5000 r--s 00001000 08:02 9317953                    /usr/lib/jvm/java-8-openjdk-amd64/jre/lib/ext/dnsns.jar
7f60cadd5000-7f60cadd6000 r--s 0000a000 08:02 9317950                    /usr/lib/jvm/java-8-openjdk-amd64/jre/lib/ext/jaccess.jar
7f60cadd6000-7f60cadd9000 r--s 00039000 08:02 9317951                    /usr/lib/jvm/java-8-openjdk-amd64/jre/lib/ext/sunpkcs11.jar
7f60cadd9000-7f60cade3000 r--s 00116000 08:02 9317956                    /usr/lib/jvm/java-8-openjdk-amd64/jre/lib/ext/localedata.jar
7f60cade3000-7f60cade4000 r--s 00010000 08:02 9317955                    /usr/lib/jvm/java-8-openjdk-amd64/jre/lib/ext/zipfs.jar
7f60cade4000-7f60cade7000 r--s 0000f000 08:02 9317948                    /usr/lib/jvm/java-8-openjdk-amd64/jre/lib/ext/icedtea-sound.jar
7f60cade7000-7f60cade8000 r--s 0000d000 08:02 9317947                    /usr/lib/jvm/java-8-openjdk-amd64/jre/lib/ext/sunec.jar
7f60cade8000-7f60cadf0000 rw-s 00000000 08:02 25830640                   /tmp/hsperfdata_jordivanyo/8478
7f60cadf0000-7f60cadf1000 rw-p 00000000 00:00 0 
7f60cadf1000-7f60cadf2000 ---p 00000000 00:00 0 
7f60cadf2000-7f60cadf3000 rw-p 00000000 00:00 0 
7f60cadf3000-7f60cadf4000 r--p 00025000 08:02 3936803                    /lib/x86_64-linux-gnu/ld-2.23.so
7f60cadf4000-7f60cadf5000 rw-p 00026000 08:02 3936803                    /lib/x86_64-linux-gnu/ld-2.23.so
7f60cadf5000-7f60cadf6000 rw-p 00000000 00:00 0 
7ffe08f08000-7ffe08f2b000 rw-p 00000000 00:00 0                          [stack]
7ffe08f3b000-7ffe08f3e000 r--p 00000000 00:00 0                          [vvar]
7ffe08f3e000-7ffe08f40000 r-xp 00000000 00:00 0                          [vdso]
ffffffffff600000-ffffffffff601000 r-xp 00000000 00:00 0                  [vsyscall]

VM Arguments:
jvm_args: -agentlib:jdwp=transport=dt_socket,suspend=y,address=localhost:38493 -Dcom.sun.management.jmxremote -Dcom.sun.management.jmxremote.port=39541 -Dcom.sun.management.jmxremote.authenticate=false -Dcom.sun.management.jmxremote.ssl=false -Djava.rmi.server.hostname=localhost -Dspring.jmx.enabled=true -Dspring.application.admin.enabled=true -Djava.security.egd=file:/dev/./urandom -Xverify:none -XX:TieredStopAtLevel=1 -Dfile.encoding=UTF-8 
java_command: cms_b.CmsBeta1Application --spring.output.ansi.enabled=always
java_class_path (initial): /home/jordivanyo/Documents/workspace-spring-tool-suite-4-4.3.0.RELEASE/CMS-BETA-1/target/classes:/home/jordivanyo/.m2/repository/org/springframework/boot/spring-boot-starter-web/2.1.6.RELEASE/spring-boot-starter-web-2.1.6.RELEASE.jar:/home/jordivanyo/.m2/repository/org/springframework/boot/spring-boot-starter/2.1.6.RELEASE/spring-boot-starter-2.1.6.RELEASE.jar:/home/jordivanyo/.m2/repository/org/springframework/boot/spring-boot/2.1.6.RELEASE/spring-boot-2.1.6.RELEASE.jar:/home/jordivanyo/.m2/repository/org/springframework/boot/spring-boot-autoconfigure/2.1.6.RELEASE/spring-boot-autoconfigure-2.1.6.RELEASE.jar:/home/jordivanyo/.m2/repository/org/springframework/boot/spring-boot-starter-logging/2.1.6.RELEASE/spring-boot-starter-logging-2.1.6.RELEASE.jar:/home/jordivanyo/.m2/repository/org/apache/logging/log4j/log4j-to-slf4j/2.11.2/log4j-to-slf4j-2.11.2.jar:/home/jordivanyo/.m2/repository/org/apache/logging/log4j/log4j-api/2.11.2/log4j-api-2.11.2.jar:/home/jordivanyo/.m2/repository/org/slf4j/jul-to-slf4j/1.7.26/jul-to-slf4j-1.7.26.jar:/home/jordivanyo/.m2/repository/org/yaml/snakeyaml/1.23/snakeyaml-1.23.jar:/home/jordivanyo/.m2/repository/org/springframework/boot/spring-boot-starter-json/2.1.6.RELEASE/spring-boot-starter-json-2.1.6.RELEASE.jar:/home/jordivanyo/.m2/repository/com/fasterxml/jackson/core/jackson-databind/2.9.9/jackson-databind-2.9.9.jar:/home/jordivanyo/.m2/repository/com/fasterxml/jackson/core/jackson-core/2.9.9/jackson-core-2.9.9.jar:/home/jordivanyo/.m2/repository/com/fasterxml/jackson/datatype/jackson-datatype-jdk8/2.9.9/jackson-datatype-jdk8-2.9.9.jar:/home/jordivanyo/.m2/repository/com/fasterxml/jackson/datatype/jackson-datatype-jsr310/2.9.9/jackson-datatype-jsr310-2.9.9.jar:/home/jordivanyo/.m2/repository/com/fasterxml/jackson/module/jackson-module-parameter-names/2.9.9/jackson-module-parameter-names-2.9.9.jar:/home/jordivanyo/.m2/repository/org/hibernate/validator/hibernate-validator/6.0.17.Final/hibernate-validator-6
Launcher Type: SUN_STANDARD

Environment Variables:
JAVA_HOME=/usr/lib/jvm/java-8-openjdk-amd64
PATH=/home/jordivanyo/.local/bin:/home/jordivanyo/bin:/home/jordivanyo/.local/bin:/opt/gradle/gradle-5.0/bin:/usr/local/sbin:/usr/local/bin:/usr/sbin:/usr/bin:/sbin:/bin:/usr/games:/usr/local/games:/usr/lib/jvm/jdk-10.0.1/bin:/opt/apache-maven-3.6.1/bin:/snap/binO
SHELL=/bin/bash
DISPLAY=:0

Signal Handlers:
SIGSEGV: [libjvm.so+0xa783e0], sa_mask[0]=11111111011111111101111111111110, sa_flags=SA_RESTART|SA_SIGINFO
SIGBUS: [libjvm.so+0xa783e0], sa_mask[0]=11111111011111111101111111111110, sa_flags=SA_RESTART|SA_SIGINFO
SIGFPE: [libjvm.so+0x8c0e10], sa_mask[0]=11111111011111111101111111111110, sa_flags=SA_RESTART|SA_SIGINFO
SIGPIPE: [libjvm.so+0x8c0e10], sa_mask[0]=11111111011111111101111111111110, sa_flags=SA_RESTART|SA_SIGINFO
SIGXFSZ: [libjvm.so+0x8c0e10], sa_mask[0]=11111111011111111101111111111110, sa_flags=SA_RESTART|SA_SIGINFO
SIGILL: [libjvm.so+0x8c0e10], sa_mask[0]=11111111011111111101111111111110, sa_flags=SA_RESTART|SA_SIGINFO
SIGUSR1: SIG_DFL, sa_mask[0]=00000000000000000000000000000000, sa_flags=none
SIGUSR2: [libjvm.so+0x8c0cc0], sa_mask[0]=00100000000000000000000000000000, sa_flags=SA_RESTART|SA_SIGINFO
SIGHUP: [libjvm.so+0x8c1350], sa_mask[0]=11111111011111111101111111111110, sa_flags=SA_RESTART|SA_SIGINFO
SIGINT: [libjvm.so+0x8c1350], sa_mask[0]=11111111011111111101111111111110, sa_flags=SA_RESTART|SA_SIGINFO
SIGTERM: [libjvm.so+0x8c1350], sa_mask[0]=11111111011111111101111111111110, sa_flags=SA_RESTART|SA_SIGINFO
SIGQUIT: [libjvm.so+0x8c1350], sa_mask[0]=11111111011111111101111111111110, sa_flags=SA_RESTART|SA_SIGINFO


---------------  S Y S T E M  ---------------

OS:DISTRIB_ID=Ubuntu
DISTRIB_RELEASE=16.04
DISTRIB_CODENAME=xenial
DISTRIB_DESCRIPTION="Ubuntu 16.04.6 LTS"

uname:Linux 4.15.0-55-generic #60~16.04.2-Ubuntu SMP Thu Jul 4 09:03:09 UTC 2019 x86_64
libc:glibc 2.23 NPTL 2.23 
rlimit: STACK 8192k, CORE 0k, NPROC 30435, NOFILE 1048576, AS infinity
load average:34,81 28,99 16,93

/proc/meminfo:
MemTotal:        7905152 kB
MemFree:          118864 kB
MemAvailable:      37368 kB
Buffers:             880 kB
Cached:           209164 kB
SwapCached:          356 kB
Active:          6327608 kB
Inactive:         939996 kB
Active(anon):    6300492 kB
Inactive(anon):   900524 kB
Active(file):      27116 kB
Inactive(file):    39472 kB
Unevictable:         112 kB
Mlocked:             112 kB
SwapTotal:       1000444 kB
SwapFree:              0 kB
Dirty:               472 kB
Writeback:             0 kB
AnonPages:       7057500 kB
Mapped:           146548 kB
Shmem:            143284 kB
Slab:             113384 kB
SReclaimable:      44248 kB
SUnreclaim:        69136 kB
KernelStack:       26576 kB
PageTables:       120960 kB
NFS_Unstable:          0 kB
Bounce:                0 kB
WritebackTmp:          0 kB
CommitLimit:     4953020 kB
Committed_AS:   19822132 kB
VmallocTotal:   34359738367 kB
VmallocUsed:           0 kB
VmallocChunk:          0 kB
HardwareCorrupted:     0 kB
AnonHugePages:         0 kB
ShmemHugePages:        0 kB
ShmemPmdMapped:        0 kB
CmaTotal:              0 kB
CmaFree:               0 kB
HugePages_Total:       0
HugePages_Free:        0
HugePages_Rsvd:        0
HugePages_Surp:        0
Hugepagesize:       2048 kB
DirectMap4k:      621036 kB
DirectMap2M:     7501824 kB

container (cgroup) information:
container_type: cgroupv1
cpu_cpuset_cpus: 0-1
cpu_memory_nodes: 0
active_processor_count: 2
cpu_quota: -1
cpu_period: 100000
cpu_shares: -1
memory_limit_in_bytes: -1
memory_and_swap_limit_in_bytes: -2
memory_soft_limit_in_bytes: -1
memory_usage_in_bytes: 7442333696
memory_max_usage_in_bytes: 15425536


CPU:total 2 (initial active 2) (2 cores per cpu, 1 threads per core) family 6 model 23 stepping 10, cmov, cx8, fxsr, mmx, sse, sse2, sse3, ssse3, sse4.1, tsc

/proc/cpuinfo:
processor	: 0
vendor_id	: GenuineIntel
cpu family	: 6
model		: 23
model name	: Intel(R) Core(TM)2 Duo CPU     P8600  @ 2.40GHz
stepping	: 10
microcode	: 0xa0b
cpu MHz		: 2389.219
cache size	: 3072 KB
physical id	: 0
siblings	: 2
core id		: 0
cpu cores	: 2
apicid		: 0
initial apicid	: 0
fpu		: yes
fpu_exception	: yes
cpuid level	: 13
wp		: yes
flags		: fpu vme de pse tsc msr pae mce cx8 apic sep mtrr pge mca cmov pat pse36 clflush dts acpi mmx fxsr sse sse2 ss ht tm pbe syscall nx lm constant_tsc arch_perfmon pebs bts rep_good nopl cpuid aperfmperf pni dtes64 monitor ds_cpl vmx smx est tm2 ssse3 cx16 xtpr pdcm sse4_1 xsave lahf_lm pti tpr_shadow vnmi flexpriority dtherm
bugs		: cpu_meltdown spectre_v1 spectre_v2 spec_store_bypass l1tf mds
bogomips	: 4778.43
clflush size	: 64
cache_alignment	: 64
address sizes	: 36 bits physical, 48 bits virtual
power management:

processor	: 1
vendor_id	: GenuineIntel
cpu family	: 6
model		: 23
model name	: Intel(R) Core(TM)2 Duo CPU     P8600  @ 2.40GHz
stepping	: 10
microcode	: 0xa0b
cpu MHz		: 2389.219
cache size	: 3072 KB
physical id	: 0
siblings	: 2
core id		: 1
cpu cores	: 2
apicid		: 1
initial apicid	: 1
fpu		: yes
fpu_exception	: yes
cpuid level	: 13
wp		: yes
flags		: fpu vme de pse tsc msr pae mce cx8 apic sep mtrr pge mca cmov pat pse36 clflush dts acpi mmx fxsr sse sse2 ss ht tm pbe syscall nx lm constant_tsc arch_perfmon pebs bts rep_good nopl cpuid aperfmperf pni dtes64 monitor ds_cpl vmx smx est tm2 ssse3 cx16 xtpr pdcm sse4_1 xsave lahf_lm pti tpr_shadow vnmi flexpriority dtherm
bugs		: cpu_meltdown spectre_v1 spectre_v2 spec_store_bypass l1tf mds
bogomips	: 4778.43
clflush size	: 64
cache_alignment	: 64
address sizes	: 36 bits physical, 48 bits virtual
power management:



Memory: 4k page, physical 7905152k(119920k free), swap 1000444k(0k free)

vm_info: OpenJDK 64-Bit Server VM (25.222-b10) for linux-amd64 JRE (1.8.0_222-8u222-b10-1ubuntu1~16.04.1-b10), built on Jul 18 2019 20:25:18 by "buildd" with gcc 5.4.0 20160609

time: Tue Aug  6 10:57:44 2019
timezone: CEST
elapsed time: 6107 seconds (0d 1h 41m 47s)

